mode: set
github.com/jwilner/jsonschema2go/internal/planning/planner.go:35.120,36.22 1 0
github.com/jwilner/jsonschema2go/internal/planning/planner.go:61.2,61.65 1 0
github.com/jwilner/jsonschema2go/internal/planning/planner.go:68.2,68.17 1 0
github.com/jwilner/jsonschema2go/internal/planning/planner.go:36.22,38.50 2 0
github.com/jwilner/jsonschema2go/internal/planning/planner.go:42.3,43.43 2 0
github.com/jwilner/jsonschema2go/internal/planning/planner.go:49.3,49.17 1 0
github.com/jwilner/jsonschema2go/internal/planning/planner.go:52.3,52.16 1 0
github.com/jwilner/jsonschema2go/internal/planning/planner.go:58.3,58.67 1 0
github.com/jwilner/jsonschema2go/internal/planning/planner.go:38.50,40.4 1 0
github.com/jwilner/jsonschema2go/internal/planning/planner.go:43.43,44.29 1 0
github.com/jwilner/jsonschema2go/internal/planning/planner.go:47.4,47.12 1 0
github.com/jwilner/jsonschema2go/internal/planning/planner.go:44.29,46.5 1 0
github.com/jwilner/jsonschema2go/internal/planning/planner.go:49.17,51.4 1 0
github.com/jwilner/jsonschema2go/internal/planning/planner.go:52.16,53.29 1 0
github.com/jwilner/jsonschema2go/internal/planning/planner.go:56.4,56.18 1 0
github.com/jwilner/jsonschema2go/internal/planning/planner.go:53.29,55.5 1 0
github.com/jwilner/jsonschema2go/internal/planning/planner.go:61.65,63.27 2 0
github.com/jwilner/jsonschema2go/internal/planning/planner.go:66.3,66.50 1 0
github.com/jwilner/jsonschema2go/internal/planning/planner.go:63.27,65.4 1 0
github.com/jwilner/jsonschema2go/internal/planning/planner.go:74.20,76.2 1 1
github.com/jwilner/jsonschema2go/internal/planning/planner.go:83.41,85.2 1 0
github.com/jwilner/jsonschema2go/internal/planning/planner.go:87.120,89.2 1 0
github.com/jwilner/jsonschema2go/internal/planning/planner.go:96.11,104.2 3 0
github.com/jwilner/jsonschema2go/internal/planning/planner.go:106.112,108.12 2 0
github.com/jwilner/jsonschema2go/internal/planning/planner.go:129.2,129.20 1 0
github.com/jwilner/jsonschema2go/internal/planning/planner.go:108.12,109.7 1 0
github.com/jwilner/jsonschema2go/internal/planning/planner.go:109.7,110.11 1 0
github.com/jwilner/jsonschema2go/internal/planning/planner.go:111.28,112.12 1 0
github.com/jwilner/jsonschema2go/internal/planning/planner.go:119.5,119.12 1 0
github.com/jwilner/jsonschema2go/internal/planning/planner.go:124.22,125.11 1 0
github.com/jwilner/jsonschema2go/internal/planning/planner.go:112.12,113.13 1 0
github.com/jwilner/jsonschema2go/internal/planning/planner.go:117.6,117.12 1 0
github.com/jwilner/jsonschema2go/internal/planning/planner.go:114.37,114.37 0 0
github.com/jwilner/jsonschema2go/internal/planning/planner.go:115.24,115.24 0 0
github.com/jwilner/jsonschema2go/internal/planning/planner.go:120.22,120.22 0 0
github.com/jwilner/jsonschema2go/internal/planning/planner.go:121.23,122.12 1 0
github.com/jwilner/jsonschema2go/internal/planning/planner.go:139.47,141.2 1 0
github.com/jwilner/jsonschema2go/internal/planning/planner.go:143.46,145.2 1 0
github.com/jwilner/jsonschema2go/internal/planning/planner.go:147.73,148.28 1 0
github.com/jwilner/jsonschema2go/internal/planning/planner.go:155.2,155.12 1 0
github.com/jwilner/jsonschema2go/internal/planning/planner.go:148.28,149.10 1 0
github.com/jwilner/jsonschema2go/internal/planning/planner.go:150.20,150.20 0 0
github.com/jwilner/jsonschema2go/internal/planning/planner.go:151.21,152.20 1 0
github.com/jwilner/jsonschema2go/internal/planning/planner.go:158.49,160.37 2 1
github.com/jwilner/jsonschema2go/internal/planning/planner.go:163.2,163.18 1 1
github.com/jwilner/jsonschema2go/internal/planning/planner.go:160.37,162.3 1 1
github.com/jwilner/jsonschema2go/internal/planning/planner.go:170.58,171.35 1 1
github.com/jwilner/jsonschema2go/internal/planning/planner.go:175.2,180.33 2 1
github.com/jwilner/jsonschema2go/internal/planning/planner.go:201.2,201.22 1 1
github.com/jwilner/jsonschema2go/internal/planning/planner.go:205.2,205.36 1 1
github.com/jwilner/jsonschema2go/internal/planning/planner.go:171.35,173.3 1 1
github.com/jwilner/jsonschema2go/internal/planning/planner.go:180.33,181.49 1 1
github.com/jwilner/jsonschema2go/internal/planning/planner.go:189.3,189.25 1 1
github.com/jwilner/jsonschema2go/internal/planning/planner.go:198.3,198.31 1 1
github.com/jwilner/jsonschema2go/internal/planning/planner.go:181.49,183.25 1 1
github.com/jwilner/jsonschema2go/internal/planning/planner.go:187.4,187.12 1 1
github.com/jwilner/jsonschema2go/internal/planning/planner.go:183.25,186.5 2 1
github.com/jwilner/jsonschema2go/internal/planning/planner.go:189.25,191.25 1 1
github.com/jwilner/jsonschema2go/internal/planning/planner.go:194.4,195.12 2 1
github.com/jwilner/jsonschema2go/internal/planning/planner.go:191.25,193.5 1 1
github.com/jwilner/jsonschema2go/internal/planning/planner.go:201.22,203.3 1 1
github.com/jwilner/jsonschema2go/internal/planning/planner.go:208.59,210.27 2 1
github.com/jwilner/jsonschema2go/internal/planning/planner.go:218.2,218.32 1 1
github.com/jwilner/jsonschema2go/internal/planning/planner.go:210.27,211.51 1 1
github.com/jwilner/jsonschema2go/internal/planning/planner.go:215.3,216.36 2 1
github.com/jwilner/jsonschema2go/internal/planning/planner.go:211.51,213.12 2 1
github.com/jwilner/jsonschema2go/internal/planning/planner.go:229.55,231.21 2 0
github.com/jwilner/jsonschema2go/internal/planning/planner.go:234.2,234.28 1 0
github.com/jwilner/jsonschema2go/internal/planning/planner.go:231.21,233.3 1 0
github.com/jwilner/jsonschema2go/internal/planning/planner.go:243.58,245.64 2 0
github.com/jwilner/jsonschema2go/internal/planning/planner.go:248.2,248.31 1 0
github.com/jwilner/jsonschema2go/internal/planning/planner.go:245.64,247.3 1 0
github.com/jwilner/jsonschema2go/internal/planning/planner.go:251.82,252.38 1 0
github.com/jwilner/jsonschema2go/internal/planning/planner.go:256.2,256.48 1 0
github.com/jwilner/jsonschema2go/internal/planning/planner.go:252.38,255.3 2 0
github.com/jwilner/jsonschema2go/internal/planning/planner.go:259.51,261.2 1 0
github.com/jwilner/jsonschema2go/pkg/schema/schema.go:17.13,18.48 1 1
github.com/jwilner/jsonschema2go/pkg/schema/schema.go:18.48,20.3 1 1
github.com/jwilner/jsonschema2go/pkg/schema/schema.go:48.51,50.48 2 1
github.com/jwilner/jsonschema2go/pkg/schema/schema.go:53.2,53.25 1 1
github.com/jwilner/jsonschema2go/pkg/schema/schema.go:68.2,68.65 1 0
github.com/jwilner/jsonschema2go/pkg/schema/schema.go:50.48,52.3 1 0
github.com/jwilner/jsonschema2go/pkg/schema/schema.go:54.14,56.13 2 1
github.com/jwilner/jsonschema2go/pkg/schema/schema.go:57.21,59.23 2 0
github.com/jwilner/jsonschema2go/pkg/schema/schema.go:66.3,66.13 1 0
github.com/jwilner/jsonschema2go/pkg/schema/schema.go:59.23,61.31 2 0
github.com/jwilner/jsonschema2go/pkg/schema/schema.go:64.4,64.24 1 0
github.com/jwilner/jsonschema2go/pkg/schema/schema.go:61.31,63.5 1 0
github.com/jwilner/jsonschema2go/pkg/schema/schema.go:73.40,76.2 2 1
github.com/jwilner/jsonschema2go/pkg/schema/schema.go:83.57,84.41 1 1
github.com/jwilner/jsonschema2go/pkg/schema/schema.go:88.2,89.39 2 0
github.com/jwilner/jsonschema2go/pkg/schema/schema.go:84.41,87.3 2 1
github.com/jwilner/jsonschema2go/pkg/schema/schema.go:97.56,98.40 1 1
github.com/jwilner/jsonschema2go/pkg/schema/schema.go:102.2,102.45 1 1
github.com/jwilner/jsonschema2go/pkg/schema/schema.go:98.40,101.3 2 1
github.com/jwilner/jsonschema2go/pkg/schema/schema.go:107.48,110.2 2 0
github.com/jwilner/jsonschema2go/pkg/schema/schema.go:112.68,114.9 2 0
github.com/jwilner/jsonschema2go/pkg/schema/schema.go:117.2,118.18 2 0
github.com/jwilner/jsonschema2go/pkg/schema/schema.go:114.9,116.3 1 0
github.com/jwilner/jsonschema2go/pkg/schema/schema.go:121.58,123.2 1 0
github.com/jwilner/jsonschema2go/pkg/schema/schema.go:131.53,135.48 2 1
github.com/jwilner/jsonschema2go/pkg/schema/schema.go:138.2,138.19 1 1
github.com/jwilner/jsonschema2go/pkg/schema/schema.go:142.2,143.36 2 1
github.com/jwilner/jsonschema2go/pkg/schema/schema.go:135.48,137.3 1 0
github.com/jwilner/jsonschema2go/pkg/schema/schema.go:138.19,141.3 2 1
github.com/jwilner/jsonschema2go/pkg/schema/schema.go:146.101,147.18 1 0
github.com/jwilner/jsonschema2go/pkg/schema/schema.go:151.2,152.16 2 0
github.com/jwilner/jsonschema2go/pkg/schema/schema.go:156.2,156.64 1 0
github.com/jwilner/jsonschema2go/pkg/schema/schema.go:147.18,149.3 1 0
github.com/jwilner/jsonschema2go/pkg/schema/schema.go:152.16,154.3 1 0
github.com/jwilner/jsonschema2go/pkg/schema/schema.go:231.38,233.2 1 0
github.com/jwilner/jsonschema2go/pkg/schema/schema.go:235.39,242.65 3 0
github.com/jwilner/jsonschema2go/pkg/schema/schema.go:258.2,259.23 2 0
github.com/jwilner/jsonschema2go/pkg/schema/schema.go:242.65,243.34 1 0
github.com/jwilner/jsonschema2go/pkg/schema/schema.go:243.34,244.43 1 0
github.com/jwilner/jsonschema2go/pkg/schema/schema.go:255.4,255.68 1 0
github.com/jwilner/jsonschema2go/pkg/schema/schema.go:244.43,246.28 2 0
github.com/jwilner/jsonschema2go/pkg/schema/schema.go:249.5,250.23 2 0
github.com/jwilner/jsonschema2go/pkg/schema/schema.go:253.5,253.25 1 0
github.com/jwilner/jsonschema2go/pkg/schema/schema.go:246.28,248.6 1 0
github.com/jwilner/jsonschema2go/pkg/schema/schema.go:250.23,252.6 1 0
github.com/jwilner/jsonschema2go/pkg/schema/schema.go:259.23,265.31 5 0
github.com/jwilner/jsonschema2go/pkg/schema/schema.go:268.3,268.21 1 0
github.com/jwilner/jsonschema2go/pkg/schema/schema.go:274.3,274.36 1 0
github.com/jwilner/jsonschema2go/pkg/schema/schema.go:277.3,285.5 1 0
github.com/jwilner/jsonschema2go/pkg/schema/schema.go:290.3,297.5 1 0
github.com/jwilner/jsonschema2go/pkg/schema/schema.go:302.3,302.24 1 0
github.com/jwilner/jsonschema2go/pkg/schema/schema.go:265.31,267.4 1 0
github.com/jwilner/jsonschema2go/pkg/schema/schema.go:268.21,270.42 2 0
github.com/jwilner/jsonschema2go/pkg/schema/schema.go:270.42,272.5 1 0
github.com/jwilner/jsonschema2go/pkg/schema/schema.go:274.36,276.4 1 0
github.com/jwilner/jsonschema2go/pkg/schema/schema.go:285.5,286.32 1 0
github.com/jwilner/jsonschema2go/pkg/schema/schema.go:286.32,288.5 1 0
github.com/jwilner/jsonschema2go/pkg/schema/schema.go:297.5,298.32 1 0
github.com/jwilner/jsonschema2go/pkg/schema/schema.go:298.32,300.5 1 0
github.com/jwilner/jsonschema2go/pkg/schema/schema.go:306.46,307.39 1 0
github.com/jwilner/jsonschema2go/pkg/schema/schema.go:310.2,310.27 1 0
github.com/jwilner/jsonschema2go/pkg/schema/schema.go:313.2,313.8 1 0
github.com/jwilner/jsonschema2go/pkg/schema/schema.go:307.39,309.3 1 0
github.com/jwilner/jsonschema2go/pkg/schema/schema.go:310.27,312.3 1 0
github.com/jwilner/jsonschema2go/pkg/schema/schema.go:316.51,317.2 1 1
github.com/jwilner/jsonschema2go/pkg/schema/schema.go:327.2,327.16 1 1
github.com/jwilner/jsonschema2go/pkg/schema/schema.go:334.2,335.57 2 1
github.com/jwilner/jsonschema2go/pkg/schema/schema.go:339.2,339.34 1 1
github.com/jwilner/jsonschema2go/pkg/schema/schema.go:348.2,348.12 1 1
github.com/jwilner/jsonschema2go/pkg/schema/schema.go:317.2,321.51 3 1
github.com/jwilner/jsonschema2go/pkg/schema/schema.go:324.3,324.18 1 1
github.com/jwilner/jsonschema2go/pkg/schema/schema.go:321.51,323.4 1 1
github.com/jwilner/jsonschema2go/pkg/schema/schema.go:327.16,329.50 2 0
github.com/jwilner/jsonschema2go/pkg/schema/schema.go:329.50,331.4 1 0
github.com/jwilner/jsonschema2go/pkg/schema/schema.go:335.57,337.3 1 0
github.com/jwilner/jsonschema2go/pkg/schema/schema.go:339.34,340.31 1 1
github.com/jwilner/jsonschema2go/pkg/schema/schema.go:343.3,343.27 1 1
github.com/jwilner/jsonschema2go/pkg/schema/schema.go:346.3,346.27 1 1
github.com/jwilner/jsonschema2go/pkg/schema/schema.go:340.31,341.12 1 1
github.com/jwilner/jsonschema2go/pkg/schema/schema.go:343.27,345.4 1 1
github.com/jwilner/jsonschema2go/pkg/schema/schema.go:355.59,357.36 2 1
github.com/jwilner/jsonschema2go/pkg/schema/schema.go:371.2,371.8 1 1
github.com/jwilner/jsonschema2go/pkg/schema/schema.go:357.36,359.93 2 1
github.com/jwilner/jsonschema2go/pkg/schema/schema.go:362.3,363.38 2 1
github.com/jwilner/jsonschema2go/pkg/schema/schema.go:367.3,367.21 1 1
github.com/jwilner/jsonschema2go/pkg/schema/schema.go:359.93,360.12 1 0
github.com/jwilner/jsonschema2go/pkg/schema/schema.go:363.38,365.12 2 1
github.com/jwilner/jsonschema2go/pkg/schema/schema.go:367.21,369.4 1 1
github.com/jwilner/jsonschema2go/internal/print/default_sort.go:12.47,15.41 3 1
github.com/jwilner/jsonschema2go/internal/print/default_sort.go:28.2,28.15 1 1
github.com/jwilner/jsonschema2go/internal/print/default_sort.go:15.41,17.29 2 1
github.com/jwilner/jsonschema2go/internal/print/default_sort.go:26.3,26.15 1 1
github.com/jwilner/jsonschema2go/internal/print/default_sort.go:17.29,19.15 2 1
github.com/jwilner/jsonschema2go/internal/print/default_sort.go:22.4,22.15 1 1
github.com/jwilner/jsonschema2go/internal/print/default_sort.go:19.15,21.5 1 1
github.com/jwilner/jsonschema2go/internal/print/default_sort.go:22.15,24.5 1 0
github.com/jwilner/jsonschema2go/internal/print/default_sort.go:31.34,33.21 2 1
github.com/jwilner/jsonschema2go/internal/print/default_sort.go:34.29,35.29 1 1
github.com/jwilner/jsonschema2go/internal/print/default_sort.go:36.24,37.29 1 1
github.com/jwilner/jsonschema2go/internal/print/default_sort.go:38.24,39.29 1 0
github.com/jwilner/jsonschema2go/internal/print/default_sort.go:40.22,41.29 1 0
github.com/jwilner/jsonschema2go/internal/print/default_sort.go:42.10,43.29 1 0
github.com/jwilner/jsonschema2go/internal/print/print.go:18.66,20.41 2 1
github.com/jwilner/jsonschema2go/internal/print/print.go:20.41,23.17 3 1
github.com/jwilner/jsonschema2go/internal/print/print.go:26.3,27.25 2 1
github.com/jwilner/jsonschema2go/internal/print/print.go:31.3,32.26 2 1
github.com/jwilner/jsonschema2go/internal/print/print.go:35.3,37.23 2 1
github.com/jwilner/jsonschema2go/internal/print/print.go:48.3,48.20 1 1
github.com/jwilner/jsonschema2go/internal/print/print.go:23.17,25.4 1 0
github.com/jwilner/jsonschema2go/internal/print/print.go:27.25,29.4 1 0
github.com/jwilner/jsonschema2go/internal/print/print.go:32.26,34.4 1 0
github.com/jwilner/jsonschema2go/internal/print/print.go:37.23,39.31 2 1
github.com/jwilner/jsonschema2go/internal/print/print.go:39.31,40.43 1 1
github.com/jwilner/jsonschema2go/internal/print/print.go:43.5,45.26 3 1
github.com/jwilner/jsonschema2go/internal/print/print.go:40.43,41.14 1 1
github.com/jwilner/jsonschema2go/internal/print/print.go:57.9,64.32 6 0
github.com/jwilner/jsonschema2go/internal/print/print.go:107.2,107.20 1 0
github.com/jwilner/jsonschema2go/internal/print/print.go:116.2,116.12 1 0
github.com/jwilner/jsonschema2go/internal/print/print.go:64.32,66.44 2 0
github.com/jwilner/jsonschema2go/internal/print/print.go:66.44,68.27 2 0
github.com/jwilner/jsonschema2go/internal/print/print.go:100.4,100.11 1 0
github.com/jwilner/jsonschema2go/internal/print/print.go:68.27,70.19 2 0
github.com/jwilner/jsonschema2go/internal/print/print.go:73.5,73.51 1 0
github.com/jwilner/jsonschema2go/internal/print/print.go:77.5,80.19 3 0
github.com/jwilner/jsonschema2go/internal/print/print.go:83.5,85.59 2 0
github.com/jwilner/jsonschema2go/internal/print/print.go:88.5,88.30 1 0
github.com/jwilner/jsonschema2go/internal/print/print.go:91.5,91.15 1 0
github.com/jwilner/jsonschema2go/internal/print/print.go:70.19,72.6 1 0
github.com/jwilner/jsonschema2go/internal/print/print.go:73.51,75.6 1 0
github.com/jwilner/jsonschema2go/internal/print/print.go:80.19,82.6 1 0
github.com/jwilner/jsonschema2go/internal/print/print.go:85.59,87.6 1 0
github.com/jwilner/jsonschema2go/internal/print/print.go:88.30,90.6 1 0
github.com/jwilner/jsonschema2go/internal/print/print.go:92.20,93.12 1 0
github.com/jwilner/jsonschema2go/internal/print/print.go:97.5,97.11 1 0
github.com/jwilner/jsonschema2go/internal/print/print.go:94.22,94.22 0 0
github.com/jwilner/jsonschema2go/internal/print/print.go:95.13,95.13 0 0
github.com/jwilner/jsonschema2go/internal/print/print.go:101.22,101.22 0 0
github.com/jwilner/jsonschema2go/internal/print/print.go:102.28,102.28 0 0
github.com/jwilner/jsonschema2go/internal/print/print.go:107.20,108.10 1 0
github.com/jwilner/jsonschema2go/internal/print/print.go:109.21,110.20 1 0
github.com/jwilner/jsonschema2go/internal/print/print.go:111.22,112.14 1 0
github.com/jwilner/jsonschema2go/internal/print/print.go:113.15,113.15 0 0
github.com/jwilner/jsonschema2go/internal/print/print.go:119.59,120.43 1 1
github.com/jwilner/jsonschema2go/internal/print/print.go:123.2,123.34 1 1
github.com/jwilner/jsonschema2go/internal/print/print.go:120.43,122.3 1 1
github.com/jwilner/jsonschema2go/internal/print/print.go:123.34,124.52 1 1
github.com/jwilner/jsonschema2go/internal/print/print.go:127.3,127.30 1 1
github.com/jwilner/jsonschema2go/internal/print/print.go:132.3,132.14 1 1
github.com/jwilner/jsonschema2go/internal/print/print.go:124.52,126.4 1 1
github.com/jwilner/jsonschema2go/internal/print/print.go:127.30,128.47 1 1
github.com/jwilner/jsonschema2go/internal/print/print.go:128.47,130.5 1 1
github.com/jwilner/jsonschema2go/internal/print/printer.go:19.43,20.17 1 1
github.com/jwilner/jsonschema2go/internal/print/printer.go:23.2,23.23 1 1
github.com/jwilner/jsonschema2go/internal/print/printer.go:20.17,22.3 1 1
github.com/jwilner/jsonschema2go/internal/print/printer.go:30.103,32.27 2 1
github.com/jwilner/jsonschema2go/internal/print/printer.go:37.2,40.91 3 1
github.com/jwilner/jsonschema2go/internal/print/printer.go:43.2,44.16 2 1
github.com/jwilner/jsonschema2go/internal/print/printer.go:51.2,52.12 2 1
github.com/jwilner/jsonschema2go/internal/print/printer.go:32.27,33.31 1 1
github.com/jwilner/jsonschema2go/internal/print/printer.go:33.31,35.4 1 1
github.com/jwilner/jsonschema2go/internal/print/printer.go:40.91,42.3 1 0
github.com/jwilner/jsonschema2go/internal/print/printer.go:44.16,45.28 1 0
github.com/jwilner/jsonschema2go/internal/print/printer.go:48.3,48.49 1 0
github.com/jwilner/jsonschema2go/internal/print/printer.go:45.28,47.4 1 0
github.com/jwilner/jsonschema2go/internal/crawl/crawl.go:27.34,36.2 5 0
github.com/jwilner/jsonschema2go/internal/crawl/crawl.go:43.41,48.37 4 0
github.com/jwilner/jsonschema2go/internal/crawl/crawl.go:73.2,73.21 1 0
github.com/jwilner/jsonschema2go/internal/crawl/crawl.go:48.37,50.28 2 0
github.com/jwilner/jsonschema2go/internal/crawl/crawl.go:50.28,54.18 3 0
github.com/jwilner/jsonschema2go/internal/crawl/crawl.go:59.4,60.18 2 0
github.com/jwilner/jsonschema2go/internal/crawl/crawl.go:64.4,64.11 1 0
github.com/jwilner/jsonschema2go/internal/crawl/crawl.go:54.18,57.5 2 0
github.com/jwilner/jsonschema2go/internal/crawl/crawl.go:60.18,63.5 2 0
github.com/jwilner/jsonschema2go/internal/crawl/crawl.go:65.22,65.22 0 0
github.com/jwilner/jsonschema2go/internal/crawl/crawl.go:66.26,67.59 1 0
github.com/jwilner/jsonschema2go/internal/crawl/crawl.go:67.59,69.6 1 0
github.com/jwilner/jsonschema2go/internal/crawl/crawl.go:82.22,87.12 3 1
github.com/jwilner/jsonschema2go/internal/crawl/crawl.go:167.2,167.16 1 1
github.com/jwilner/jsonschema2go/internal/crawl/crawl.go:87.12,99.40 4 1
github.com/jwilner/jsonschema2go/internal/crawl/crawl.go:108.3,108.39 1 1
github.com/jwilner/jsonschema2go/internal/crawl/crawl.go:115.3,116.7 2 1
github.com/jwilner/jsonschema2go/internal/crawl/crawl.go:99.40,101.11 2 1
github.com/jwilner/jsonschema2go/internal/crawl/crawl.go:102.48,102.48 0 1
github.com/jwilner/jsonschema2go/internal/crawl/crawl.go:103.22,104.11 1 0
github.com/jwilner/jsonschema2go/internal/crawl/crawl.go:108.39,109.11 1 1
github.com/jwilner/jsonschema2go/internal/crawl/crawl.go:110.22,110.22 0 0
github.com/jwilner/jsonschema2go/internal/crawl/crawl.go:111.27,111.27 0 1
github.com/jwilner/jsonschema2go/internal/crawl/crawl.go:116.7,117.34 1 1
github.com/jwilner/jsonschema2go/internal/crawl/crawl.go:121.4,121.11 1 1
github.com/jwilner/jsonschema2go/internal/crawl/crawl.go:117.34,119.5 1 1
github.com/jwilner/jsonschema2go/internal/crawl/crawl.go:122.33,124.16 2 1
github.com/jwilner/jsonschema2go/internal/crawl/crawl.go:130.5,132.25 2 1
github.com/jwilner/jsonschema2go/internal/crawl/crawl.go:139.5,139.30 1 1
github.com/jwilner/jsonschema2go/internal/crawl/crawl.go:142.5,144.15 3 1
github.com/jwilner/jsonschema2go/internal/crawl/crawl.go:148.30,149.21 1 1
github.com/jwilner/jsonschema2go/internal/crawl/crawl.go:150.31,151.23 1 1
github.com/jwilner/jsonschema2go/internal/crawl/crawl.go:155.5,157.15 3 1
github.com/jwilner/jsonschema2go/internal/crawl/crawl.go:161.22,162.11 1 0
github.com/jwilner/jsonschema2go/internal/crawl/crawl.go:124.16,125.31 1 0
github.com/jwilner/jsonschema2go/internal/crawl/crawl.go:128.6,128.14 1 0
github.com/jwilner/jsonschema2go/internal/crawl/crawl.go:125.31,127.7 1 0
github.com/jwilner/jsonschema2go/internal/crawl/crawl.go:132.25,133.31 1 0
github.com/jwilner/jsonschema2go/internal/crawl/crawl.go:136.6,136.14 1 0
github.com/jwilner/jsonschema2go/internal/crawl/crawl.go:133.31,135.7 1 0
github.com/jwilner/jsonschema2go/internal/crawl/crawl.go:139.30,141.6 1 0
github.com/jwilner/jsonschema2go/internal/crawl/crawl.go:144.15,147.6 2 1
github.com/jwilner/jsonschema2go/internal/crawl/crawl.go:151.23,154.6 2 0
github.com/jwilner/jsonschema2go/internal/crawl/crawl.go:157.15,160.6 2 1
github.com/jwilner/jsonschema2go/internal/crawl/crawl.go:170.111,173.6 2 0
github.com/jwilner/jsonschema2go/internal/crawl/crawl.go:173.6,174.10 1 0
github.com/jwilner/jsonschema2go/internal/crawl/crawl.go:175.22,176.19 1 0
github.com/jwilner/jsonschema2go/internal/crawl/crawl.go:177.32,178.11 1 0
github.com/jwilner/jsonschema2go/internal/crawl/crawl.go:181.4,181.25 1 0
github.com/jwilner/jsonschema2go/internal/crawl/crawl.go:184.4,184.26 1 0
github.com/jwilner/jsonschema2go/internal/crawl/crawl.go:187.4,189.51 3 0
github.com/jwilner/jsonschema2go/internal/crawl/crawl.go:190.21,191.25 1 0
github.com/jwilner/jsonschema2go/internal/crawl/crawl.go:178.11,180.5 1 0
github.com/jwilner/jsonschema2go/internal/crawl/crawl.go:181.25,183.5 1 0
github.com/jwilner/jsonschema2go/internal/crawl/crawl.go:184.26,185.13 1 0
github.com/jwilner/jsonschema2go/internal/tuple/plan_tuple.go:24.72,28.2 3 1
github.com/jwilner/jsonschema2go/internal/tuple/plan_tuple.go:30.39,32.2 1 1
github.com/jwilner/jsonschema2go/internal/tuple/plan_tuple.go:34.46,36.2 1 1
github.com/jwilner/jsonschema2go/internal/tuple/plan_tuple.go:38.48,44.28 2 1
github.com/jwilner/jsonschema2go/internal/tuple/plan_tuple.go:50.2,50.13 1 1
github.com/jwilner/jsonschema2go/internal/tuple/plan_tuple.go:44.28,46.34 2 1
github.com/jwilner/jsonschema2go/internal/tuple/plan_tuple.go:46.34,48.4 1 1
github.com/jwilner/jsonschema2go/internal/tuple/plan_tuple.go:53.33,54.17 1 1
github.com/jwilner/jsonschema2go/internal/tuple/plan_tuple.go:57.2,57.11 1 1
github.com/jwilner/jsonschema2go/internal/tuple/plan_tuple.go:54.17,56.3 1 0
github.com/jwilner/jsonschema2go/internal/tuple/plan_tuple.go:60.47,61.28 1 1
github.com/jwilner/jsonschema2go/internal/tuple/plan_tuple.go:68.2,68.14 1 0
github.com/jwilner/jsonschema2go/internal/tuple/plan_tuple.go:61.28,62.34 1 1
github.com/jwilner/jsonschema2go/internal/tuple/plan_tuple.go:62.34,63.24 1 1
github.com/jwilner/jsonschema2go/internal/tuple/plan_tuple.go:63.24,65.5 1 1
github.com/jwilner/jsonschema2go/internal/tuple/plan_tuple.go:77.55,79.2 1 1
github.com/jwilner/jsonschema2go/internal/tuple/plan_tuple.go:81.104,82.38 1 1
github.com/jwilner/jsonschema2go/internal/tuple/plan_tuple.go:85.2,86.21 2 1
github.com/jwilner/jsonschema2go/internal/tuple/plan_tuple.go:89.2,89.63 1 1
github.com/jwilner/jsonschema2go/internal/tuple/plan_tuple.go:92.2,93.16 2 1
github.com/jwilner/jsonschema2go/internal/tuple/plan_tuple.go:97.2,98.28 2 1
github.com/jwilner/jsonschema2go/internal/tuple/plan_tuple.go:122.2,127.8 1 1
github.com/jwilner/jsonschema2go/internal/tuple/plan_tuple.go:82.38,84.3 1 1
github.com/jwilner/jsonschema2go/internal/tuple/plan_tuple.go:86.21,88.3 1 0
github.com/jwilner/jsonschema2go/internal/tuple/plan_tuple.go:89.63,91.3 1 0
github.com/jwilner/jsonschema2go/internal/tuple/plan_tuple.go:93.16,95.3 1 0
github.com/jwilner/jsonschema2go/internal/tuple/plan_tuple.go:98.28,100.18 2 1
github.com/jwilner/jsonschema2go/internal/tuple/plan_tuple.go:109.3,109.19 1 1
github.com/jwilner/jsonschema2go/internal/tuple/plan_tuple.go:114.3,119.5 2 1
github.com/jwilner/jsonschema2go/internal/tuple/plan_tuple.go:100.18,107.12 3 0
github.com/jwilner/jsonschema2go/internal/tuple/plan_tuple.go:109.19,110.45 1 1
github.com/jwilner/jsonschema2go/internal/tuple/plan_tuple.go:110.45,112.5 1 0
github.com/jwilner/jsonschema2go/internal/tuple/plan_tuple.go:141.48,143.19 2 1
github.com/jwilner/jsonschema2go/internal/tuple/plan_tuple.go:148.2,148.13 1 1
github.com/jwilner/jsonschema2go/internal/tuple/plan_tuple.go:143.19,147.3 3 1
github.com/jwilner/jsonschema2go/internal/tuple/plan_tuple.go:151.65,152.43 1 1
github.com/jwilner/jsonschema2go/internal/tuple/plan_tuple.go:155.2,155.8 1 1
github.com/jwilner/jsonschema2go/internal/tuple/plan_tuple.go:152.43,154.3 1 1
github.com/jwilner/jsonschema2go/internal/tuple/plan_tuple.go:163.42,168.28 2 1
github.com/jwilner/jsonschema2go/internal/tuple/plan_tuple.go:183.2,183.33 1 1
github.com/jwilner/jsonschema2go/internal/tuple/plan_tuple.go:168.28,170.17 2 1
github.com/jwilner/jsonschema2go/internal/tuple/plan_tuple.go:173.3,175.23 3 1
github.com/jwilner/jsonschema2go/internal/tuple/plan_tuple.go:178.3,178.31 1 1
github.com/jwilner/jsonschema2go/internal/tuple/plan_tuple.go:170.17,172.4 1 0
github.com/jwilner/jsonschema2go/internal/tuple/plan_tuple.go:175.23,176.12 1 1
github.com/jwilner/jsonschema2go/internal/tuple/plan_tuple.go:178.31,180.12 2 1
github.com/jwilner/jsonschema2go/internal/enum/plan_enum.go:13.102,14.27 1 1
github.com/jwilner/jsonschema2go/internal/enum/plan_enum.go:18.2,19.21 2 1
github.com/jwilner/jsonschema2go/internal/enum/plan_enum.go:23.2,26.32 4 1
github.com/jwilner/jsonschema2go/internal/enum/plan_enum.go:30.2,30.15 1 1
github.com/jwilner/jsonschema2go/internal/enum/plan_enum.go:14.27,16.3 1 0
github.com/jwilner/jsonschema2go/internal/enum/plan_enum.go:19.21,21.3 1 0
github.com/jwilner/jsonschema2go/internal/enum/plan_enum.go:26.32,29.3 2 1
github.com/jwilner/jsonschema2go/internal/enum/plan_enum.go:38.67,42.2 3 1
github.com/jwilner/jsonschema2go/internal/enum/plan_enum.go:53.32,54.17 1 1
github.com/jwilner/jsonschema2go/internal/enum/plan_enum.go:57.2,57.11 1 1
github.com/jwilner/jsonschema2go/internal/enum/plan_enum.go:54.17,56.3 1 0
github.com/jwilner/jsonschema2go/internal/enum/plan_enum.go:65.45,67.2 1 1
github.com/jwilner/jsonschema2go/internal/enum/plan_enum.go:69.47,71.2 1 1
github.com/jwilner/jsonschema2go/internal/slice/slice.go:27.33,28.17 1 1
github.com/jwilner/jsonschema2go/internal/slice/slice.go:31.2,31.11 1 1
github.com/jwilner/jsonschema2go/internal/slice/slice.go:28.17,30.3 1 1
github.com/jwilner/jsonschema2go/internal/slice/slice.go:34.46,36.2 1 1
github.com/jwilner/jsonschema2go/internal/slice/slice.go:38.48,40.2 1 1
github.com/jwilner/jsonschema2go/internal/slice/slice.go:42.56,43.47 1 1
github.com/jwilner/jsonschema2go/internal/slice/slice.go:46.2,46.21 1 1
github.com/jwilner/jsonschema2go/internal/slice/slice.go:43.47,45.3 1 0
github.com/jwilner/jsonschema2go/internal/slice/slice.go:49.60,50.51 1 1
github.com/jwilner/jsonschema2go/internal/slice/slice.go:53.2,53.25 1 1
github.com/jwilner/jsonschema2go/internal/slice/slice.go:50.51,52.3 1 1
github.com/jwilner/jsonschema2go/internal/slice/slice.go:56.51,57.37 1 1
github.com/jwilner/jsonschema2go/internal/slice/slice.go:62.2,62.14 1 1
github.com/jwilner/jsonschema2go/internal/slice/slice.go:57.37,58.23 1 1
github.com/jwilner/jsonschema2go/internal/slice/slice.go:58.23,60.4 1 1
github.com/jwilner/jsonschema2go/internal/slice/slice.go:66.104,67.38 1 1
github.com/jwilner/jsonschema2go/internal/slice/slice.go:70.2,71.21 2 1
github.com/jwilner/jsonschema2go/internal/slice/slice.go:76.2,77.54 2 1
github.com/jwilner/jsonschema2go/internal/slice/slice.go:83.2,85.23 3 1
github.com/jwilner/jsonschema2go/internal/slice/slice.go:92.2,92.48 1 1
github.com/jwilner/jsonschema2go/internal/slice/slice.go:97.2,97.25 1 1
github.com/jwilner/jsonschema2go/internal/slice/slice.go:107.2,107.28 1 1
github.com/jwilner/jsonschema2go/internal/slice/slice.go:117.2,117.24 1 1
github.com/jwilner/jsonschema2go/internal/slice/slice.go:123.2,123.23 1 1
github.com/jwilner/jsonschema2go/internal/slice/slice.go:126.2,126.16 1 1
github.com/jwilner/jsonschema2go/internal/slice/slice.go:67.38,69.3 1 0
github.com/jwilner/jsonschema2go/internal/slice/slice.go:71.21,73.3 1 0
github.com/jwilner/jsonschema2go/internal/slice/slice.go:77.54,79.84 2 1
github.com/jwilner/jsonschema2go/internal/slice/slice.go:79.84,81.4 1 0
github.com/jwilner/jsonschema2go/internal/slice/slice.go:85.23,86.69 1 1
github.com/jwilner/jsonschema2go/internal/slice/slice.go:86.69,88.4 1 0
github.com/jwilner/jsonschema2go/internal/slice/slice.go:89.8,91.3 1 0
github.com/jwilner/jsonschema2go/internal/slice/slice.go:92.48,93.53 1 1
github.com/jwilner/jsonschema2go/internal/slice/slice.go:93.53,95.4 1 0
github.com/jwilner/jsonschema2go/internal/slice/slice.go:97.25,106.3 2 0
github.com/jwilner/jsonschema2go/internal/slice/slice.go:107.28,116.3 2 0
github.com/jwilner/jsonschema2go/internal/slice/slice.go:117.24,118.39 1 1
github.com/jwilner/jsonschema2go/internal/slice/slice.go:121.3,121.80 1 1
github.com/jwilner/jsonschema2go/internal/slice/slice.go:118.39,120.4 1 0
github.com/jwilner/jsonschema2go/internal/slice/slice.go:123.23,125.3 1 1
github.com/jwilner/jsonschema2go/internal/slice/slice.go:134.68,138.2 3 1
github.com/jwilner/jsonschema2go/internal/composite/plan_one_of.go:12.113,14.16 2 1
github.com/jwilner/jsonschema2go/internal/composite/plan_one_of.go:17.2,17.23 1 1
github.com/jwilner/jsonschema2go/internal/composite/plan_one_of.go:20.2,21.28 2 1
github.com/jwilner/jsonschema2go/internal/composite/plan_one_of.go:31.2,32.21 2 1
github.com/jwilner/jsonschema2go/internal/composite/plan_one_of.go:36.2,45.36 5 1
github.com/jwilner/jsonschema2go/internal/composite/plan_one_of.go:80.2,82.15 3 1
github.com/jwilner/jsonschema2go/internal/composite/plan_one_of.go:14.16,16.3 1 0
github.com/jwilner/jsonschema2go/internal/composite/plan_one_of.go:17.23,19.3 1 0
github.com/jwilner/jsonschema2go/internal/composite/plan_one_of.go:21.28,23.25 2 1
github.com/jwilner/jsonschema2go/internal/composite/plan_one_of.go:26.3,26.16 1 1
github.com/jwilner/jsonschema2go/internal/composite/plan_one_of.go:29.3,29.19 1 1
github.com/jwilner/jsonschema2go/internal/composite/plan_one_of.go:23.25,25.4 1 1
github.com/jwilner/jsonschema2go/internal/composite/plan_one_of.go:26.16,28.4 1 0
github.com/jwilner/jsonschema2go/internal/composite/plan_one_of.go:32.21,34.3 1 0
github.com/jwilner/jsonschema2go/internal/composite/plan_one_of.go:45.36,47.22 2 1
github.com/jwilner/jsonschema2go/internal/composite/plan_one_of.go:53.3,53.33 1 1
github.com/jwilner/jsonschema2go/internal/composite/plan_one_of.go:70.3,70.53 1 1
github.com/jwilner/jsonschema2go/internal/composite/plan_one_of.go:47.22,48.53 1 1
github.com/jwilner/jsonschema2go/internal/composite/plan_one_of.go:48.53,50.5 1 0
github.com/jwilner/jsonschema2go/internal/composite/plan_one_of.go:54.19,55.23 1 1
github.com/jwilner/jsonschema2go/internal/composite/plan_one_of.go:56.18,57.22 1 1
github.com/jwilner/jsonschema2go/internal/composite/plan_one_of.go:58.19,59.57 1 1
github.com/jwilner/jsonschema2go/internal/composite/plan_one_of.go:60.19,61.58 1 1
github.com/jwilner/jsonschema2go/internal/composite/plan_one_of.go:62.20,63.56 1 1
github.com/jwilner/jsonschema2go/internal/composite/plan_one_of.go:64.20,65.55 1 1
github.com/jwilner/jsonschema2go/internal/composite/plan_one_of.go:66.17,67.20 1 1
github.com/jwilner/jsonschema2go/internal/composite/plan_one_of.go:70.53,71.51 1 1
github.com/jwilner/jsonschema2go/internal/composite/plan_one_of.go:77.4,77.52 1 1
github.com/jwilner/jsonschema2go/internal/composite/plan_one_of.go:71.51,72.25 1 1
github.com/jwilner/jsonschema2go/internal/composite/plan_one_of.go:75.5,75.28 1 1
github.com/jwilner/jsonschema2go/internal/composite/plan_one_of.go:72.25,73.14 1 1
github.com/jwilner/jsonschema2go/internal/composite/plan_one_of.go:92.46,94.2 1 1
github.com/jwilner/jsonschema2go/internal/composite/plan_one_of.go:96.55,104.2 1 1
github.com/jwilner/jsonschema2go/internal/composite/plan_one_of.go:111.55,113.2 1 1
github.com/jwilner/jsonschema2go/internal/composite/plan_one_of.go:120.66,121.28 1 1
github.com/jwilner/jsonschema2go/internal/composite/plan_one_of.go:126.2,126.12 1 1
github.com/jwilner/jsonschema2go/internal/composite/plan_one_of.go:121.28,122.15 1 1
github.com/jwilner/jsonschema2go/internal/composite/plan_one_of.go:122.15,124.4 1 0
github.com/jwilner/jsonschema2go/internal/composite/plan_one_of.go:129.73,130.28 1 1
github.com/jwilner/jsonschema2go/internal/composite/plan_one_of.go:135.2,135.40 1 1
github.com/jwilner/jsonschema2go/internal/composite/plan_one_of.go:138.2,138.14 1 1
github.com/jwilner/jsonschema2go/internal/composite/plan_one_of.go:130.28,131.15 1 1
github.com/jwilner/jsonschema2go/internal/composite/plan_one_of.go:131.15,133.4 1 1
github.com/jwilner/jsonschema2go/internal/composite/plan_one_of.go:135.40,137.3 1 1
github.com/jwilner/jsonschema2go/internal/composite/plan_one_of.go:141.64,143.2 1 1
github.com/jwilner/jsonschema2go/internal/composite/plan_one_of.go:151.45,153.2 1 1
github.com/jwilner/jsonschema2go/internal/composite/plan_one_of.go:155.54,157.2 1 1
github.com/jwilner/jsonschema2go/internal/composite/plan_struct.go:26.57,28.2 1 1
github.com/jwilner/jsonschema2go/internal/composite/plan_struct.go:39.47,41.2 1 1
github.com/jwilner/jsonschema2go/internal/composite/plan_struct.go:43.48,44.29 1 1
github.com/jwilner/jsonschema2go/internal/composite/plan_struct.go:51.2,51.14 1 1
github.com/jwilner/jsonschema2go/internal/composite/plan_struct.go:44.29,45.39 1 1
github.com/jwilner/jsonschema2go/internal/composite/plan_struct.go:45.39,46.24 1 1
github.com/jwilner/jsonschema2go/internal/composite/plan_struct.go:46.24,48.5 1 1
github.com/jwilner/jsonschema2go/internal/composite/plan_struct.go:54.34,55.17 1 1
github.com/jwilner/jsonschema2go/internal/composite/plan_struct.go:58.2,58.11 1 1
github.com/jwilner/jsonschema2go/internal/composite/plan_struct.go:55.17,57.3 1 1
github.com/jwilner/jsonschema2go/internal/composite/plan_struct.go:61.69,65.2 3 1
github.com/jwilner/jsonschema2go/internal/composite/plan_struct.go:67.56,69.29 2 1
github.com/jwilner/jsonschema2go/internal/composite/plan_struct.go:75.2,75.29 1 1
github.com/jwilner/jsonschema2go/internal/composite/plan_struct.go:80.2,80.8 1 1
github.com/jwilner/jsonschema2go/internal/composite/plan_struct.go:69.29,71.39 2 1
github.com/jwilner/jsonschema2go/internal/composite/plan_struct.go:71.39,73.4 1 1
github.com/jwilner/jsonschema2go/internal/composite/plan_struct.go:75.29,76.63 1 1
github.com/jwilner/jsonschema2go/internal/composite/plan_struct.go:76.63,78.4 1 1
github.com/jwilner/jsonschema2go/internal/composite/plan_struct.go:84.105,85.39 1 1
github.com/jwilner/jsonschema2go/internal/composite/plan_struct.go:88.2,89.21 2 1
github.com/jwilner/jsonschema2go/internal/composite/plan_struct.go:94.2,97.16 4 1
github.com/jwilner/jsonschema2go/internal/composite/plan_struct.go:100.2,102.27 2 1
github.com/jwilner/jsonschema2go/internal/composite/plan_struct.go:109.2,109.15 1 1
github.com/jwilner/jsonschema2go/internal/composite/plan_struct.go:85.39,87.3 1 1
github.com/jwilner/jsonschema2go/internal/composite/plan_struct.go:89.21,91.3 1 0
github.com/jwilner/jsonschema2go/internal/composite/plan_struct.go:97.16,99.3 1 0
github.com/jwilner/jsonschema2go/internal/composite/plan_struct.go:102.27,103.68 1 1
github.com/jwilner/jsonschema2go/internal/composite/plan_struct.go:103.68,105.9 2 1
github.com/jwilner/jsonschema2go/internal/composite/plan_struct.go:116.35,118.36 2 1
github.com/jwilner/jsonschema2go/internal/composite/plan_struct.go:122.2,123.35 2 1
github.com/jwilner/jsonschema2go/internal/composite/plan_struct.go:126.2,128.34 2 1
github.com/jwilner/jsonschema2go/internal/composite/plan_struct.go:193.2,193.8 1 1
github.com/jwilner/jsonschema2go/internal/composite/plan_struct.go:118.36,120.3 1 1
github.com/jwilner/jsonschema2go/internal/composite/plan_struct.go:123.35,125.3 1 1
github.com/jwilner/jsonschema2go/internal/composite/plan_struct.go:128.34,130.17 2 1
github.com/jwilner/jsonschema2go/internal/composite/plan_struct.go:133.3,134.53 2 1
github.com/jwilner/jsonschema2go/internal/composite/plan_struct.go:155.3,155.65 1 1
github.com/jwilner/jsonschema2go/internal/composite/plan_struct.go:158.3,158.23 1 1
github.com/jwilner/jsonschema2go/internal/composite/plan_struct.go:163.3,164.40 2 1
github.com/jwilner/jsonschema2go/internal/composite/plan_struct.go:180.3,191.4 1 1
github.com/jwilner/jsonschema2go/internal/composite/plan_struct.go:130.17,132.4 1 0
github.com/jwilner/jsonschema2go/internal/composite/plan_struct.go:134.53,136.18 2 1
github.com/jwilner/jsonschema2go/internal/composite/plan_struct.go:139.4,140.18 2 1
github.com/jwilner/jsonschema2go/internal/composite/plan_struct.go:143.4,143.74 1 1
github.com/jwilner/jsonschema2go/internal/composite/plan_struct.go:136.18,138.5 1 0
github.com/jwilner/jsonschema2go/internal/composite/plan_struct.go:140.18,142.5 1 0
github.com/jwilner/jsonschema2go/internal/composite/plan_struct.go:143.74,146.45 2 1
github.com/jwilner/jsonschema2go/internal/composite/plan_struct.go:149.5,149.62 1 1
github.com/jwilner/jsonschema2go/internal/composite/plan_struct.go:152.5,152.25 1 1
github.com/jwilner/jsonschema2go/internal/composite/plan_struct.go:146.45,148.6 1 0
github.com/jwilner/jsonschema2go/internal/composite/plan_struct.go:149.62,151.6 1 0
github.com/jwilner/jsonschema2go/internal/composite/plan_struct.go:155.65,157.4 1 1
github.com/jwilner/jsonschema2go/internal/composite/plan_struct.go:158.23,159.55 1 1
github.com/jwilner/jsonschema2go/internal/composite/plan_struct.go:159.55,161.5 1 0
github.com/jwilner/jsonschema2go/internal/composite/plan_struct.go:164.40,165.22 1 1
github.com/jwilner/jsonschema2go/internal/composite/plan_struct.go:166.18,168.41 2 1
github.com/jwilner/jsonschema2go/internal/composite/plan_struct.go:169.17,171.41 2 1
github.com/jwilner/jsonschema2go/internal/composite/plan_struct.go:172.16,174.41 2 1
github.com/jwilner/jsonschema2go/internal/composite/plan_struct.go:175.19,177.41 2 1
github.com/jwilner/jsonschema2go/internal/composite/plan_struct.go:207.69,208.40 1 1
github.com/jwilner/jsonschema2go/internal/composite/plan_struct.go:215.2,215.8 1 1
github.com/jwilner/jsonschema2go/internal/composite/plan_struct.go:208.40,214.3 1 1
github.com/jwilner/jsonschema2go/internal/composite/plan_struct.go:218.50,220.26 2 1
github.com/jwilner/jsonschema2go/internal/composite/plan_struct.go:223.2,223.47 1 1
github.com/jwilner/jsonschema2go/internal/composite/plan_struct.go:220.26,222.3 1 1
github.com/jwilner/jsonschema2go/internal/composite/plan_struct.go:226.69,227.67 1 1
github.com/jwilner/jsonschema2go/internal/composite/plan_struct.go:234.2,234.52 1 1
github.com/jwilner/jsonschema2go/internal/composite/plan_struct.go:241.2,241.43 1 0
github.com/jwilner/jsonschema2go/internal/composite/plan_struct.go:227.67,229.11 2 1
github.com/jwilner/jsonschema2go/internal/composite/plan_struct.go:232.3,232.52 1 1
github.com/jwilner/jsonschema2go/internal/composite/plan_struct.go:229.11,231.4 1 1
github.com/jwilner/jsonschema2go/internal/composite/plan_struct.go:234.52,236.11 2 1
github.com/jwilner/jsonschema2go/internal/composite/plan_struct.go:239.3,239.53 1 1
github.com/jwilner/jsonschema2go/internal/composite/plan_struct.go:236.11,238.4 1 1
github.com/jwilner/jsonschema2go/internal/composite/plan_struct.go:244.50,246.19 2 1
github.com/jwilner/jsonschema2go/internal/composite/plan_struct.go:251.2,251.13 1 1
github.com/jwilner/jsonschema2go/internal/composite/plan_struct.go:246.19,250.3 3 1
github.com/jwilner/jsonschema2go/internal/composite/plan_struct.go:254.50,256.20 2 1
github.com/jwilner/jsonschema2go/internal/composite/plan_struct.go:259.2,260.15 2 1
github.com/jwilner/jsonschema2go/internal/composite/plan_struct.go:263.2,263.33 1 1
github.com/jwilner/jsonschema2go/internal/composite/plan_struct.go:256.20,258.3 1 1
github.com/jwilner/jsonschema2go/internal/composite/plan_struct.go:260.15,262.3 1 1
github.com/jwilner/jsonschema2go/internal/composite/plan_struct.go:266.55,268.67 2 1
github.com/jwilner/jsonschema2go/internal/composite/plan_struct.go:274.2,275.18 2 1
github.com/jwilner/jsonschema2go/internal/composite/plan_struct.go:278.2,278.54 1 1
github.com/jwilner/jsonschema2go/internal/composite/plan_struct.go:268.67,273.3 3 1
github.com/jwilner/jsonschema2go/internal/composite/plan_struct.go:275.18,277.3 1 1
github.com/jwilner/jsonschema2go/internal/composite/plan_struct.go:281.47,283.2 1 1
github.com/jwilner/jsonschema2go/internal/composite/plan_struct.go:285.49,286.18 1 1
github.com/jwilner/jsonschema2go/internal/composite/plan_struct.go:289.2,289.20 1 1
github.com/jwilner/jsonschema2go/internal/composite/plan_struct.go:286.18,288.3 1 1
github.com/jwilner/jsonschema2go/internal/composite/plan_struct.go:292.58,293.67 1 1
github.com/jwilner/jsonschema2go/internal/composite/plan_struct.go:296.2,297.20 2 1
github.com/jwilner/jsonschema2go/internal/composite/plan_struct.go:300.2,300.53 1 1
github.com/jwilner/jsonschema2go/internal/composite/plan_struct.go:293.67,295.3 1 1
github.com/jwilner/jsonschema2go/internal/composite/plan_struct.go:297.20,299.3 1 1
github.com/jwilner/jsonschema2go/internal/composite/plan_struct.go:307.70,308.67 1 1
github.com/jwilner/jsonschema2go/internal/composite/plan_struct.go:312.2,313.26 2 1
github.com/jwilner/jsonschema2go/internal/composite/plan_struct.go:317.2,325.24 3 1
github.com/jwilner/jsonschema2go/internal/composite/plan_struct.go:308.67,310.3 1 1
github.com/jwilner/jsonschema2go/internal/composite/plan_struct.go:313.26,315.3 1 1
github.com/jwilner/jsonschema2go/internal/composite/plan_struct.go:333.42,338.28 2 1
github.com/jwilner/jsonschema2go/internal/composite/plan_struct.go:353.2,353.33 1 1
github.com/jwilner/jsonschema2go/internal/composite/plan_struct.go:338.28,340.17 2 1
github.com/jwilner/jsonschema2go/internal/composite/plan_struct.go:343.3,345.23 3 1
github.com/jwilner/jsonschema2go/internal/composite/plan_struct.go:348.3,348.31 1 1
github.com/jwilner/jsonschema2go/internal/composite/plan_struct.go:340.17,342.4 1 0
github.com/jwilner/jsonschema2go/internal/composite/plan_struct.go:345.23,346.12 1 1
github.com/jwilner/jsonschema2go/internal/composite/plan_struct.go:348.31,350.12 2 1
github.com/jwilner/jsonschema2go/internal/composite/plan_struct_all_of.go:11.110,13.16 2 1
github.com/jwilner/jsonschema2go/internal/composite/plan_struct_all_of.go:16.2,16.23 1 1
github.com/jwilner/jsonschema2go/internal/composite/plan_struct_all_of.go:19.2,19.31 1 1
github.com/jwilner/jsonschema2go/internal/composite/plan_struct_all_of.go:22.2,23.21 2 1
github.com/jwilner/jsonschema2go/internal/composite/plan_struct_all_of.go:28.2,32.16 4 1
github.com/jwilner/jsonschema2go/internal/composite/plan_struct_all_of.go:35.2,37.36 2 1
github.com/jwilner/jsonschema2go/internal/composite/plan_struct_all_of.go:55.2,55.29 1 1
github.com/jwilner/jsonschema2go/internal/composite/plan_struct_all_of.go:62.2,62.15 1 1
github.com/jwilner/jsonschema2go/internal/composite/plan_struct_all_of.go:13.16,15.3 1 0
github.com/jwilner/jsonschema2go/internal/composite/plan_struct_all_of.go:16.23,18.3 1 1
github.com/jwilner/jsonschema2go/internal/composite/plan_struct_all_of.go:19.31,21.3 1 0
github.com/jwilner/jsonschema2go/internal/composite/plan_struct_all_of.go:23.21,25.3 1 0
github.com/jwilner/jsonschema2go/internal/composite/plan_struct_all_of.go:32.16,34.3 1 0
github.com/jwilner/jsonschema2go/internal/composite/plan_struct_all_of.go:37.36,39.22 2 1
github.com/jwilner/jsonschema2go/internal/composite/plan_struct_all_of.go:49.3,50.52 2 1
github.com/jwilner/jsonschema2go/internal/composite/plan_struct_all_of.go:39.22,42.18 2 1
github.com/jwilner/jsonschema2go/internal/composite/plan_struct_all_of.go:45.4,46.12 2 1
github.com/jwilner/jsonschema2go/internal/composite/plan_struct_all_of.go:42.18,44.5 1 0
github.com/jwilner/jsonschema2go/internal/composite/plan_struct_all_of.go:50.52,52.4 1 0
github.com/jwilner/jsonschema2go/internal/composite/plan_struct_all_of.go:55.29,56.68 1 1
github.com/jwilner/jsonschema2go/internal/composite/plan_struct_all_of.go:56.68,58.9 2 1
github.com/jwilner/jsonschema2go/internal/composite/plan_struct_discrim_one_of.go:10.123,12.22 2 1
github.com/jwilner/jsonschema2go/internal/composite/plan_struct_discrim_one_of.go:15.2,16.16 2 1
github.com/jwilner/jsonschema2go/internal/composite/plan_struct_discrim_one_of.go:19.2,19.23 1 1
github.com/jwilner/jsonschema2go/internal/composite/plan_struct_discrim_one_of.go:22.2,22.31 1 1
github.com/jwilner/jsonschema2go/internal/composite/plan_struct_discrim_one_of.go:26.2,27.21 2 1
github.com/jwilner/jsonschema2go/internal/composite/plan_struct_discrim_one_of.go:31.2,32.36 2 1
github.com/jwilner/jsonschema2go/internal/composite/plan_struct_discrim_one_of.go:36.2,39.36 4 1
github.com/jwilner/jsonschema2go/internal/composite/plan_struct_discrim_one_of.go:49.2,49.52 1 1
github.com/jwilner/jsonschema2go/internal/composite/plan_struct_discrim_one_of.go:53.2,71.15 3 1
github.com/jwilner/jsonschema2go/internal/composite/plan_struct_discrim_one_of.go:12.22,14.3 1 1
github.com/jwilner/jsonschema2go/internal/composite/plan_struct_discrim_one_of.go:16.16,18.3 1 0
github.com/jwilner/jsonschema2go/internal/composite/plan_struct_discrim_one_of.go:19.23,21.3 1 0
github.com/jwilner/jsonschema2go/internal/composite/plan_struct_discrim_one_of.go:22.31,24.3 1 0
github.com/jwilner/jsonschema2go/internal/composite/plan_struct_discrim_one_of.go:27.21,29.3 1 0
github.com/jwilner/jsonschema2go/internal/composite/plan_struct_discrim_one_of.go:32.36,34.3 1 1
github.com/jwilner/jsonschema2go/internal/composite/plan_struct_discrim_one_of.go:39.36,42.10 3 1
github.com/jwilner/jsonschema2go/internal/composite/plan_struct_discrim_one_of.go:45.3,45.27 1 1
github.com/jwilner/jsonschema2go/internal/composite/plan_struct_discrim_one_of.go:42.10,44.4 1 0
github.com/jwilner/jsonschema2go/internal/composite/plan_struct_discrim_one_of.go:45.27,47.4 1 1
github.com/jwilner/jsonschema2go/internal/composite/plan_struct_discrim_one_of.go:49.52,51.3 1 0
